<?xml version="1.0" encoding="UTF-8"?>
<testsuite name="MovieExceptionsTest" tests="2" skipped="0" failures="0" errors="0" timestamp="2023-05-13T14:13:12" hostname="M2MA_LAPTOP" time="0.112">
  <properties/>
  <testcase name="oscarsTest()" classname="MovieExceptionsTest" time="0.108"/>
  <testcase name="nameTest()" classname="MovieExceptionsTest" time="0.002"/>
  <system-out><![CDATA[]]></system-out>
  <system-err><![CDATA[]]></system-err>
</testsuite>
